Traceback (most recent call last):
  File "/Users/force/Developer/Garage/ComicHub/.venv/lib/python3.10/site-packages/selenium/webdriver/common/driver_finder.py", line 67, in _binary_paths
    output = SeleniumManager().binary_paths(self._to_args())
  File "/Users/force/Developer/Garage/ComicHub/.venv/lib/python3.10/site-packages/selenium/webdriver/common/selenium_manager.py", line 55, in binary_paths
    return self._run(args)
  File "/Users/force/Developer/Garage/ComicHub/.venv/lib/python3.10/site-packages/selenium/webdriver/common/selenium_manager.py", line 142, in _run
    raise WebDriverException(
selenium.common.exceptions.WebDriverException: Message: Unsuccessful command executed: /Users/force/Developer/Garage/ComicHub/.venv/lib/python3.10/site-packages/selenium/webdriver/common/macos/selenium-manager --browser chrome --language-binding python --output json; code: 65
{'code': 65, 'message': 'error sending request for url (https://googlechromelabs.github.io/chrome-for-testing/known-good-versions-with-downloads.json)', 'driver_path': '', 'browser_path': ''}



The above exception was the direct cause of the following exception:

Traceback (most recent call last):
  File "/Users/force/Developer/Garage/ComicHub/test_selenium.py", line 54, in test_selenium_access
    driver = webdriver.Chrome(options=chrome_options)
  File "/Users/force/Developer/Garage/ComicHub/.venv/lib/python3.10/site-packages/selenium/webdriver/chrome/webdriver.py", line 45, in __init__
    super().__init__(
  File "/Users/force/Developer/Garage/ComicHub/.venv/lib/python3.10/site-packages/selenium/webdriver/chromium/webdriver.py", line 50, in __init__
    if finder.get_browser_path():
  File "/Users/force/Developer/Garage/ComicHub/.venv/lib/python3.10/site-packages/selenium/webdriver/common/driver_finder.py", line 47, in get_browser_path
    return self._binary_paths()["browser_path"]
  File "/Users/force/Developer/Garage/ComicHub/.venv/lib/python3.10/site-packages/selenium/webdriver/common/driver_finder.py", line 78, in _binary_paths
    raise NoSuchDriverException(msg) from err
selenium.common.exceptions.NoSuchDriverException: Message: Unable to obtain driver for chrome; For documentation on this error, please visit: https://www.selenium.dev/documentation/webdriver/troubleshooting/errors/driver_location

================================================================================
Selenium 测试 - 漫画龟访问
================================================================================

Chrome 选项:
  无头模式: ✅
  禁用 GPU: ✅
  禁用沙箱: ✅
  反自动化检测: ✅

1. 初始化 Chrome WebDriver...

================================================================================
❌ Selenium 测试失败
================================================================================
错误: Message: Unable to obtain driver for chrome; For documentation on this error, please visit: https://www.selenium.dev/documentation/webdriver/troubleshooting/errors/driver_location


⚠️  Selenium 方案验证失败，需要进一步诊断
